# JRE version: Java(TM) SE Runtime Environment (18.0.2+9) (build 18.0.2+9-61)
# Java VM: Java HotSpot(TM) 64-Bit Server VM (18.0.2+9-61, mixed mode, sharing, tiered, compressed oops, compressed class ptrs, g1 gc, windows-amd64)
GC Precious Log:
 CardTable entry size: 512
 Card Set container configuration: InlinePtr #cards 4 size 8 Array Of Cards #cards 16 size 48 Howl #buckets 8 coarsen threshold 3686 Howl Bitmap #cards 512 size 80 coarsen threshold 460 Card regions per heap region 1 cards per card region 4096
 CPUs: 16 total, 16 available
 Memory: 15613M
 Large Page Support: Disabled
 NUMA Support: Disabled
 Compressed Oops: Enabled (Zero based)
 Heap Region Size: 2M
 Heap Min Capacity: 8M
 Heap Initial Capacity: 244M
 Heap Max Capacity: 3904M
 Pre-touch: Disabled
 Parallel Workers: 13
 Concurrent Workers: 3
 Concurrent Refinement Workers: 13
 Periodic GC: Disabled
Heap:
 garbage-first heap   total 1054720K, used 373967K [0x000000070c000000, 0x0000000800000000)
  region size 2048K, 7 young (14336K), 7 survivors (14336K)
 Metaspace       used 5505K, committed 5760K, reserved 1114112K
  class space    used 466K, committed 576K, reserved 1048576K
GC Heap History (20 events):
Event: 270.967 GC heap after
{Heap after GC invocations=150 (full 0):
 garbage-first heap   total 925696K, used 423160K [0x000000070c000000, 0x0000000800000000)
  region size 2048K, 14 young (28672K), 14 survivors (28672K)
 Metaspace       used 5505K, committed 5760K, reserved 1114112K
  class space    used 466K, committed 576K, reserved 1048576K
}
Event: 271.762 GC heap before
{Heap before GC invocations=150 (full 0):
 garbage-first heap   total 925696K, used 802040K [0x000000070c000000, 0x0000000800000000)
  region size 2048K, 199 young (407552K), 14 survivors (28672K)
 Metaspace       used 5505K, committed 5760K, reserved 1114112K
  class space    used 466K, committed 576K, reserved 1048576K
}
Event: 271.776 GC heap after
{Heap after GC invocations=151 (full 0):
 garbage-first heap   total 925696K, used 429203K [0x000000070c000000, 0x0000000800000000)
  region size 2048K, 17 young (34816K), 17 survivors (34816K)
 Metaspace       used 5505K, committed 5760K, reserved 1114112K
  class space    used 466K, committed 576K, reserved 1048576K
}
Event: 272.544 GC heap before
{Heap before GC invocations=151 (full 0):
 garbage-first heap   total 925696K, used 795795K [0x000000070c000000, 0x0000000800000000)
  region size 2048K, 196 young (401408K), 17 survivors (34816K)
 Metaspace       used 5505K, committed 5760K, reserved 1114112K
  class space    used 466K, committed 576K, reserved 1048576K
}
Event: 272.559 GC heap after
{Heap after GC invocations=152 (full 0):
 garbage-first heap   total 925696K, used 435010K [0x000000070c000000, 0x0000000800000000)
  region size 2048K, 14 young (28672K), 14 survivors (28672K)
 Metaspace       used 5505K, committed 5760K, reserved 1114112K
  class space    used 466K, committed 576K, reserved 1048576K
}
Event: 273.332 GC heap before
{Heap before GC invocations=152 (full 0):
 garbage-first heap   total 925696K, used 801602K [0x000000070c000000, 0x0000000800000000)
  region size 2048K, 193 young (395264K), 14 survivors (28672K)
 Metaspace       used 5505K, committed 5760K, reserved 1114112K
  class space    used 466K, committed 576K, reserved 1048576K
}
Event: 273.346 GC heap after
{Heap after GC invocations=153 (full 0):
 garbage-first heap   total 925696K, used 442347K [0x000000070c000000, 0x0000000800000000)
  region size 2048K, 15 young (30720K), 15 survivors (30720K)
 Metaspace       used 5505K, committed 5760K, reserved 1114112K
  class space    used 466K, committed 576K, reserved 1048576K
}
Event: 274.079 GC heap before
{Heap before GC invocations=153 (full 0):
 garbage-first heap   total 925696K, used 798699K [0x000000070c000000, 0x0000000800000000)
  region size 2048K, 189 young (387072K), 15 survivors (30720K)
 Metaspace       used 5505K, committed 5760K, reserved 1114112K
  class space    used 466K, committed 576K, reserved 1048576K
}
Event: 274.093 GC heap after
{Heap after GC invocations=154 (full 0):
 garbage-first heap   total 925696K, used 448242K [0x000000070c000000, 0x0000000800000000)
  region size 2048K, 15 young (30720K), 15 survivors (30720K)
 Metaspace       used 5505K, committed 5760K, reserved 1114112K
  class space    used 466K, committed 576K, reserved 1048576K
}
Event: 282.757 GC heap before
{Heap before GC invocations=154 (full 0):
 garbage-first heap   total 925696K, used 800498K [0x000000070c000000, 0x0000000800000000)
  region size 2048K, 187 young (382976K), 15 survivors (30720K)
 Metaspace       used 5505K, committed 5760K, reserved 1114112K
  class space    used 466K, committed 576K, reserved 1048576K
}
Event: 282.771 GC heap after
{Heap after GC invocations=155 (full 0):
 garbage-first heap   total 925696K, used 454985K [0x000000070c000000, 0x0000000800000000)
  region size 2048K, 16 young (32768K), 16 survivors (32768K)
 Metaspace       used 5505K, committed 5760K, reserved 1114112K
  class space    used 466K, committed 576K, reserved 1048576K
}
Event: 283.167 GC heap before
{Heap before GC invocations=156 (full 0):
 garbage-first heap   total 1054720K, used 784713K [0x000000070c000000, 0x0000000800000000)
  region size 2048K, 177 young (362496K), 16 survivors (32768K)
 Metaspace       used 5505K, committed 5760K, reserved 1114112K
  class space    used 466K, committed 576K, reserved 1048576K
}
Event: 283.178 GC heap after
{Heap after GC invocations=157 (full 0):
 garbage-first heap   total 1054720K, used 455277K [0x000000070c000000, 0x0000000800000000)
  region size 2048K, 13 young (26624K), 13 survivors (26624K)
 Metaspace       used 5505K, committed 5760K, reserved 1114112K
  class space    used 466K, committed 576K, reserved 1048576K
}
Event: 283.216 GC heap before
{Heap before GC invocations=157 (full 0):
 garbage-first heap   total 1054720K, used 479853K [0x000000070c000000, 0x0000000800000000)
  region size 2048K, 25 young (51200K), 13 survivors (26624K)
 Metaspace       used 5505K, committed 5760K, reserved 1114112K
  class space    used 466K, committed 576K, reserved 1048576K
}
Event: 283.242 GC heap after
{Heap after GC invocations=158 (full 0):
 garbage-first heap   total 1054720K, used 396851K [0x000000070c000000, 0x0000000800000000)
  region size 2048K, 3 young (6144K), 3 survivors (6144K)
 Metaspace       used 5505K, committed 5760K, reserved 1114112K
  class space    used 466K, committed 576K, reserved 1048576K
}
Event: 283.350 GC heap before
{Heap before GC invocations=158 (full 0):
 garbage-first heap   total 1054720K, used 441907K [0x000000070c000000, 0x0000000800000000)
  region size 2048K, 25 young (51200K), 3 survivors (6144K)
 Metaspace       used 5505K, committed 5760K, reserved 1114112K
  class space    used 466K, committed 576K, reserved 1048576K
}
Event: 283.376 GC heap after
{Heap after GC invocations=159 (full 0):
 garbage-first heap   total 1054720K, used 357603K [0x000000070c000000, 0x0000000800000000)
  region size 2048K, 2 young (4096K), 2 survivors (4096K)
 Metaspace       used 5505K, committed 5760K, reserved 1114112K
  class space    used 466K, committed 576K, reserved 1048576K
}
Event: 283.468 GC heap before
{Heap before GC invocations=159 (full 0):
 garbage-first heap   total 1054720K, used 404707K [0x000000070c000000, 0x0000000800000000)
  region size 2048K, 25 young (51200K), 2 survivors (4096K)
 Metaspace       used 5505K, committed 5760K, reserved 1114112K
  class space    used 466K, committed 576K, reserved 1048576K
}
Event: 283.472 GC heap after
{Heap after GC invocations=160 (full 0):
 garbage-first heap   total 1054720K, used 364664K [0x000000070c000000, 0x0000000800000000)
  region size 2048K, 3 young (6144K), 3 survivors (6144K)
 Metaspace       used 5505K, committed 5760K, reserved 1114112K
  class space    used 466K, committed 576K, reserved 1048576K
}
Event: 284.462 GC heap before
{Heap before GC invocations=160 (full 0):
 garbage-first heap   total 1054720K, used 919672K [0x000000070c000000, 0x0000000800000000)
  region size 2048K, 274 young (561152K), 3 survivors (6144K)
 Metaspace       used 5505K, committed 5760K, reserved 1114112K
  class space    used 466K, committed 576K, reserved 1048576K
}

